<?xml version="1.0" encoding="UTF-8"?>
<!-- Generated by org.testng.reporters.JUnitReportReporter -->
<testsuite hostname="DESKTOP-9LEBHP0" failures="0" tests="20" name="genprotask.Testcases" time="11.062" errors="0" timestamp="2023-06-15T03:02:12 IST" skipped="0">
  <testcase classname="genprotask.Testcases" name="login_emptyFields" time="0.667"/>
  <system-out/>
  <testcase classname="genprotask.Testcases" name="login_emptyPassword" time="0.428"/>
  <system-out/>
  <testcase classname="genprotask.Testcases" name="login_emptyUsername" time="0.284"/>
  <system-out/>
  <testcase classname="genprotask.Testcases" name="login_invalidData" time="0.379"/>
  <system-out/>
  <testcase classname="genprotask.Testcases" name="login_validData" time="2.030"/>
  <system-out/>
  <testcase classname="genprotask.Testcases" name="products_sortLowtohigh" time="0.205"/>
  <system-out/>
  <testcase classname="genprotask.Testcases" name="products_addTocart" time="0.390"/>
  <system-out/>
  <testcase classname="genprotask.Testcases" name="cart_remove" time="0.269"/>
  <system-out/>
  <testcase classname="genprotask.Testcases" name="checkout_emptyFields" time="0.541"/>
  <system-out/>
  <testcase classname="genprotask.Testcases" name="checkout_onlyFirstname" time="0.386"/>
  <system-out/>
  <testcase classname="genprotask.Testcases" name="checkout_onlyLastname" time="0.307"/>
  <system-out/>
  <testcase classname="genprotask.Testcases" name="checkout_onlyZip" time="0.311"/>
  <system-out/>
  <testcase classname="genprotask.Testcases" name="checkout_noFirstname" time="0.366"/>
  <system-out/>
  <testcase classname="genprotask.Testcases" name="checkout_noLastname" time="0.317"/>
  <system-out/>
  <testcase classname="genprotask.Testcases" name="checkout_noZip" time="0.549"/>
  <system-out/>
  <testcase classname="genprotask.Testcases" name="checkout_validData" time="0.270"/>
  <system-out/>
  <testcase classname="genprotask.Testcases" name="checkout_itemTotal" time="0.094"/>
  <system-out/>
  <testcase classname="genprotask.Testcases" name="checkout_totalWithTax" time="0.035"/>
  <system-out/>
  <testcase classname="genprotask.Testcases" name="checkout_finishAndBackToHome" time="0.112"/>
  <system-out/>
  <testcase classname="genprotask.Testcases" name="logout" time="3.122"/>
  <system-out/>
</testsuite> <!-- genprotask.Testcases -->
